update-alternatives 2020-03-21 16:04:15: run with --quiet --install /usr/bin/awk awk /usr/bin/mawk 5 --slave /usr/share/man/man1/awk.1.gz awk.1.gz /usr/share/man/man1/mawk.1.gz --slave /usr/bin/nawk nawk /usr/bin/mawk --slave /usr/share/man/man1/nawk.1.gz nawk.1.gz /usr/share/man/man1/mawk.1.gz
update-alternatives 2020-03-21 16:04:15: link group awk updated to point to /usr/bin/mawk
update-alternatives 2020-03-21 16:04:19: run with --quiet --install /usr/bin/awk awk /usr/bin/mawk 5 --slave /usr/share/man/man1/awk.1.gz awk.1.gz /usr/share/man/man1/mawk.1.gz --slave /usr/bin/nawk nawk /usr/bin/mawk --slave /usr/share/man/man1/nawk.1.gz nawk.1.gz /usr/share/man/man1/mawk.1.gz
update-alternatives 2020-03-21 16:04:19: run with --install /usr/share/man/man7/builtins.7.gz builtins.7.gz /usr/share/man/man7/bash-builtins.7.gz 10
update-alternatives 2020-03-21 16:04:19: link group builtins.7.gz updated to point to /usr/share/man/man7/bash-builtins.7.gz
update-alternatives 2020-03-21 16:04:19: run with --install /usr/sbin/rmt rmt /usr/sbin/rmt-tar 50 --slave /usr/share/man/man8/rmt.8.gz rmt.8.gz /usr/share/man/man8/rmt-tar.8.gz
update-alternatives 2020-03-21 16:04:19: link group rmt updated to point to /usr/sbin/rmt-tar
update-alternatives 2020-03-21 16:04:19: run with --install /usr/bin/pager pager /bin/more 50 --slave /usr/share/man/man1/pager.1.gz pager.1.gz /usr/share/man/man1/more.1.gz
update-alternatives 2020-03-21 16:04:19: link group pager updated to point to /bin/more
update-alternatives 2020-03-21 16:04:19: run with --remove pager /usr/bin/pg
update-alternatives 2020-03-21 16:04:20: run with --install /usr/bin/w w /usr/bin/w.procps 50 --slave /usr/share/man/man1/w.1.gz w.1.gz /usr/share/man/man1/w.procps.1.gz
update-alternatives 2020-03-21 16:04:20: link group w updated to point to /usr/bin/w.procps
update-alternatives 2020-03-21 16:09:39: run with --install /usr/bin/lzma lzma /usr/bin/xz 20 --slave /usr/share/man/man1/lzma.1.gz lzma.1.gz /usr/share/man/man1/xz.1.gz --slave /usr/bin/unlzma unlzma /usr/bin/unxz --slave /usr/share/man/man1/unlzma.1.gz unlzma.1.gz /usr/share/man/man1/unxz.1.gz --slave /usr/bin/lzcat lzcat /usr/bin/xzcat --slave /usr/share/man/man1/lzcat.1.gz lzcat.1.gz /usr/share/man/man1/xzcat.1.gz --slave /usr/bin/lzmore lzmore /usr/bin/xzmore --slave /usr/share/man/man1/lzmore.1.gz lzmore.1.gz /usr/share/man/man1/xzmore.1.gz --slave /usr/bin/lzless lzless /usr/bin/xzless --slave /usr/share/man/man1/lzless.1.gz lzless.1.gz /usr/share/man/man1/xzless.1.gz --slave /usr/bin/lzdiff lzdiff /usr/bin/xzdiff --slave /usr/share/man/man1/lzdiff.1.gz lzdiff.1.gz /usr/share/man/man1/xzdiff.1.gz --slave /usr/bin/lzcmp lzcmp /usr/bin/xzcmp --slave /usr/share/man/man1/lzcmp.1.gz lzcmp.1.gz /usr/share/man/man1/xzcmp.1.gz --slave /usr/bin/lzgrep lzgrep /usr/bin/xzgrep --slave /usr/share/man/man1/lzgrep.1.gz lzgrep.1.gz /usr/share/man/man1/xzgrep.1.gz --slave /usr/bin/lzegrep lzegrep /usr/bin/xzegrep --slave /usr/share/man/man1/lzegrep.1.gz lzegrep.1.gz /usr/share/man/man1/xzegrep.1.gz --slave /usr/bin/lzfgrep lzfgrep /usr/bin/xzfgrep --slave /usr/share/man/man1/lzfgrep.1.gz lzfgrep.1.gz /usr/share/man/man1/xzfgrep.1.gz
update-alternatives 2020-03-21 16:09:39: link group lzma updated to point to /usr/bin/xz
update-alternatives 2020-03-21 16:12:05: run with --install /bin/mt mt /bin/mt-gnu 10 --slave /usr/share/man/man1/mt.1.gz mt.1.gz /usr/share/man/man1/mt-gnu.1.gz
update-alternatives 2020-03-21 16:12:05: link group mt updated to point to /bin/mt-gnu
update-alternatives 2020-03-21 16:12:05: run with --install /usr/bin/infobrowser infobrowser /usr/bin/info 60 --slave /usr/share/man/man1/infobrowser.1.gz infobrowser.1.gz /usr/share/man/man1/info.1.gz
update-alternatives 2020-03-21 16:12:05: link group infobrowser updated to point to /usr/bin/info
update-alternatives 2020-03-21 16:12:06: run with --install /usr/bin/locate locate /usr/bin/mlocate 80 --slave /usr/share/man/man1/locate.1.gz locate.1.gz /usr/share/man/man1/mlocate.1.gz --slave /usr/bin/updatedb updatedb /usr/bin/updatedb.mlocate --slave /usr/share/man/man8/updatedb.8.gz updatedb.8.gz /usr/share/man/man8/updatedb.mlocate.8.gz
update-alternatives 2020-03-21 16:12:06: link group locate updated to point to /usr/bin/mlocate
update-alternatives 2020-03-21 16:12:06: run with --quiet --install /usr/bin/editor editor /bin/ed -100 --slave /usr/share/man/man1/editor.1.gz editor.1.gz /usr/share/man/man1/ed.1.gz
update-alternatives 2020-03-21 16:12:06: link group editor updated to point to /bin/ed
update-alternatives 2020-03-21 16:12:07: run with --install /usr/bin/editor editor /bin/nano 40 --slave /usr/share/man/man1/editor.1.gz editor.1.gz /usr/share/man/man1/nano.1.gz
update-alternatives 2020-03-21 16:12:07: link group editor updated to point to /bin/nano
update-alternatives 2020-03-21 16:12:07: run with --install /usr/bin/pico pico /bin/nano 10 --slave /usr/share/man/man1/pico.1.gz pico.1.gz /usr/share/man/man1/nano.1.gz
update-alternatives 2020-03-21 16:12:07: link group pico updated to point to /bin/nano
update-alternatives 2020-03-21 16:12:07: run with --install /usr/bin/traceroute6 traceroute6 /usr/bin/traceroute6.iputils 100 --slave /usr/share/man/man8/traceroute6.8.gz traceroute6.8.gz /usr/share/man/man8/traceroute6.iputils.8.gz
update-alternatives 2020-03-21 16:12:07: link group traceroute6 updated to point to /usr/bin/traceroute6.iputils
update-alternatives 2020-03-21 16:12:08: run with --install /usr/bin/write write /usr/bin/bsd-write 100 --slave /usr/share/man/man1/write.1.gz write.1.gz /usr/share/man/man1/bsd-write.1.gz
update-alternatives 2020-03-21 16:12:08: link group write updated to point to /usr/bin/bsd-write
update-alternatives 2020-03-21 16:12:08: run with --install /usr/bin/from from /usr/bin/bsd-from 10 --slave /usr/share/man/man1/from.1.gz from.1.gz /usr/share/man/man1/bsd-from.1.gz
update-alternatives 2020-03-21 16:12:08: link group from updated to point to /usr/bin/bsd-from
update-alternatives 2020-03-21 16:12:12: run with --install /usr/bin/telnet telnet /usr/bin/telnet.netkit 100 --slave /usr/share/man/man1/telnet.1.gz telnet.1.gz /usr/share/man/man1/telnet.netkit.1.gz
update-alternatives 2020-03-21 16:12:12: link group telnet updated to point to /usr/bin/telnet.netkit
update-alternatives 2020-03-21 16:12:12: run with --install /usr/bin/ftp ftp /usr/bin/netkit-ftp 100 --slave /usr/bin/pftp pftp /usr/bin/netkit-ftp --slave /usr/share/man/man1/ftp.1.gz ftp.1.gz /usr/share/man/man1/netkit-ftp.1.gz --slave /usr/share/man/man1/pftp.1.gz pftp.1.gz /usr/share/man/man1/netkit-ftp.1.gz --slave /usr/share/man/man5/netrc.5.gz netrc.5.gz /usr/share/man/man5/netkit-netrc.5.gz
update-alternatives 2020-03-21 16:12:12: link group ftp updated to point to /usr/bin/netkit-ftp
update-alternatives 2020-03-21 16:12:28: run with --install /etc/newt/palette newt-palette /etc/newt/palette.ubuntu 50
update-alternatives 2020-03-21 16:12:28: link group newt-palette updated to point to /etc/newt/palette.ubuntu
update-alternatives 2020-03-21 16:12:28: run with --install /etc/newt/palette newt-palette /etc/newt/palette.original 20
update-alternatives 2020-03-21 16:12:29: run with --install /etc/cifs-utils/idmap-plugin idmap-plugin /usr/lib/x86_64-linux-gnu/cifs-utils/idmapwb.so 40 --slave /usr/share/man/man8/idmap-plugin.8.gz idmap-plugin.8.gz /usr/share/man/man8/idmapwb.8.gz
update-alternatives 2020-03-21 16:12:29: link group idmap-plugin updated to point to /usr/lib/x86_64-linux-gnu/cifs-utils/idmapwb.so
update-alternatives 2020-03-21 16:12:29: run with --install /usr/share/plymouth/themes/text.plymouth text.plymouth /usr/share/plymouth/themes/ubuntu-text/ubuntu-text.plymouth 50
update-alternatives 2020-03-21 16:12:29: link group text.plymouth updated to point to /usr/share/plymouth/themes/ubuntu-text/ubuntu-text.plymouth
update-alternatives 2020-03-21 16:12:30: run with --quiet --install /usr/bin/rsh rsh /usr/bin/ssh 20 --slave /usr/share/man/man1/rsh.1.gz rsh.1.gz /usr/share/man/man1/ssh.1.gz
update-alternatives 2020-03-21 16:12:30: link group rsh updated to point to /usr/bin/ssh
update-alternatives 2020-03-21 16:12:30: run with --quiet --install /usr/bin/rlogin rlogin /usr/bin/slogin 20 --slave /usr/share/man/man1/rlogin.1.gz rlogin.1.gz /usr/share/man/man1/slogin.1.gz
update-alternatives 2020-03-21 16:12:30: link group rlogin updated to point to /usr/bin/slogin
update-alternatives 2020-03-21 16:12:30: run with --quiet --install /usr/bin/rcp rcp /usr/bin/scp 20 --slave /usr/share/man/man1/rcp.1.gz rcp.1.gz /usr/share/man/man1/scp.1.gz
update-alternatives 2020-03-21 16:12:30: link group rcp updated to point to /usr/bin/scp
update-alternatives 2020-03-21 16:13:38: run with --quiet --install /usr/bin/pager pager /bin/less 77 --slave /usr/share/man/man1/pager.1.gz pager.1.gz /usr/share/man/man1/less.1.gz
update-alternatives 2020-03-21 16:13:38: link group pager updated to point to /bin/less
update-alternatives 2020-03-21 16:13:38: run with --quiet --remove pager /usr/bin/less
update-alternatives 2020-03-21 16:13:38: run with --quiet --install /usr/bin/pager pager /bin/less 77 --slave /usr/share/man/man1/pager.1.gz pager.1.gz /usr/share/man/man1/less.1.gz
update-alternatives 2020-03-21 16:13:38: run with --quiet --remove pager /usr/bin/less
update-alternatives 2020-03-21 16:13:38: run with --install /usr/bin/vim vim /usr/bin/vim.basic 30
update-alternatives 2020-03-21 16:13:38: link group vim updated to point to /usr/bin/vim.basic
update-alternatives 2020-03-21 16:13:38: run with --install /usr/bin/vimdiff vimdiff /usr/bin/vim.basic 30
update-alternatives 2020-03-21 16:13:38: link group vimdiff updated to point to /usr/bin/vim.basic
update-alternatives 2020-03-21 16:13:38: run with --install /usr/bin/rvim rvim /usr/bin/vim.basic 30
update-alternatives 2020-03-21 16:13:38: link group rvim updated to point to /usr/bin/vim.basic
update-alternatives 2020-03-21 16:13:38: run with --install /usr/bin/rview rview /usr/bin/vim.basic 30
update-alternatives 2020-03-21 16:13:38: link group rview updated to point to /usr/bin/vim.basic
update-alternatives 2020-03-21 16:13:38: run with --install /usr/bin/vi vi /usr/bin/vim.basic 30 --slave /usr/share/man/fr/man1/vi.1.gz vi.fr.1.gz /usr/share/man/fr/man1/vim.1.gz --slave /usr/share/man/it/man1/vi.1.gz vi.it.1.gz /usr/share/man/it/man1/vim.1.gz --slave /usr/share/man/pl/man1/vi.1.gz vi.pl.1.gz /usr/share/man/pl/man1/vim.1.gz --slave /usr/share/man/ru/man1/vi.1.gz vi.ru.1.gz /usr/share/man/ru/man1/vim.1.gz --slave /usr/share/man/ja/man1/vi.1.gz vi.ja.1.gz /usr/share/man/ja/man1/vim.1.gz --slave /usr/share/man/man1/vi.1.gz vi.1.gz /usr/share/man/man1/vim.1.gz
update-alternatives 2020-03-21 16:13:38: link group vi updated to point to /usr/bin/vim.basic
update-alternatives 2020-03-21 16:13:38: run with --install /usr/bin/view view /usr/bin/vim.basic 30 --slave /usr/share/man/fr/man1/view.1.gz view.fr.1.gz /usr/share/man/fr/man1/vim.1.gz --slave /usr/share/man/it/man1/view.1.gz view.it.1.gz /usr/share/man/it/man1/vim.1.gz --slave /usr/share/man/pl/man1/view.1.gz view.pl.1.gz /usr/share/man/pl/man1/vim.1.gz --slave /usr/share/man/ru/man1/view.1.gz view.ru.1.gz /usr/share/man/ru/man1/vim.1.gz --slave /usr/share/man/ja/man1/view.1.gz view.ja.1.gz /usr/share/man/ja/man1/vim.1.gz --slave /usr/share/man/man1/view.1.gz view.1.gz /usr/share/man/man1/vim.1.gz
update-alternatives 2020-03-21 16:13:38: link group view updated to point to /usr/bin/vim.basic
update-alternatives 2020-03-21 16:13:38: run with --install /usr/bin/ex ex /usr/bin/vim.basic 30 --slave /usr/share/man/fr/man1/ex.1.gz ex.fr.1.gz /usr/share/man/fr/man1/vim.1.gz --slave /usr/share/man/it/man1/ex.1.gz ex.it.1.gz /usr/share/man/it/man1/vim.1.gz --slave /usr/share/man/pl/man1/ex.1.gz ex.pl.1.gz /usr/share/man/pl/man1/vim.1.gz --slave /usr/share/man/ru/man1/ex.1.gz ex.ru.1.gz /usr/share/man/ru/man1/vim.1.gz --slave /usr/share/man/ja/man1/ex.1.gz ex.ja.1.gz /usr/share/man/ja/man1/vim.1.gz --slave /usr/share/man/man1/ex.1.gz ex.1.gz /usr/share/man/man1/vim.1.gz
update-alternatives 2020-03-21 16:13:38: link group ex updated to point to /usr/bin/vim.basic
update-alternatives 2020-03-21 16:13:38: run with --install /usr/bin/editor editor /usr/bin/vim.basic 30 --slave /usr/share/man/fr/man1/editor.1.gz editor.fr.1.gz /usr/share/man/fr/man1/vim.1.gz --slave /usr/share/man/it/man1/editor.1.gz editor.it.1.gz /usr/share/man/it/man1/vim.1.gz --slave /usr/share/man/pl/man1/editor.1.gz editor.pl.1.gz /usr/share/man/pl/man1/vim.1.gz --slave /usr/share/man/ru/man1/editor.1.gz editor.ru.1.gz /usr/share/man/ru/man1/vim.1.gz --slave /usr/share/man/ja/man1/editor.1.gz editor.ja.1.gz /usr/share/man/ja/man1/vim.1.gz --slave /usr/share/man/man1/editor.1.gz editor.1.gz /usr/share/man/man1/vim.1.gz
update-alternatives 2020-03-21 16:20:06: run with --install /usr/bin/fakeroot fakeroot /usr/bin/fakeroot-sysv 50 --slave /usr/share/man/man1/fakeroot.1.gz fakeroot.1.gz /usr/share/man/man1/fakeroot-sysv.1.gz --slave /usr/share/man/man1/faked.1.gz faked.1.gz /usr/share/man/man1/faked-sysv.1.gz --slave /usr/share/man/es/man1/fakeroot.1.gz fakeroot.es.1.gz /usr/share/man/es/man1/fakeroot-sysv.1.gz --slave /usr/share/man/es/man1/faked.1.gz faked.es.1.gz /usr/share/man/es/man1/faked-sysv.1.gz --slave /usr/share/man/fr/man1/fakeroot.1.gz fakeroot.fr.1.gz /usr/share/man/fr/man1/fakeroot-sysv.1.gz --slave /usr/share/man/fr/man1/faked.1.gz faked.fr.1.gz /usr/share/man/fr/man1/faked-sysv.1.gz --slave /usr/share/man/sv/man1/fakeroot.1.gz fakeroot.sv.1.gz /usr/share/man/sv/man1/fakeroot-sysv.1.gz --slave /usr/share/man/sv/man1/faked.1.gz faked.sv.1.gz /usr/share/man/sv/man1/faked-sysv.1.gz
update-alternatives 2020-03-21 16:20:06: link group fakeroot updated to point to /usr/bin/fakeroot-sysv
update-alternatives 2020-03-21 16:20:06: run with --install /usr/bin/fakeroot fakeroot /usr/bin/fakeroot-tcp 30 --slave /usr/share/man/man1/fakeroot.1.gz fakeroot.1.gz /usr/share/man/man1/fakeroot-tcp.1.gz --slave /usr/share/man/man1/faked.1.gz faked.1.gz /usr/share/man/man1/faked-tcp.1.gz --slave /usr/share/man/es/man1/fakeroot.1.gz fakeroot.es.1.gz /usr/share/man/es/man1/fakeroot-tcp.1.gz --slave /usr/share/man/es/man1/faked.1.gz faked.es.1.gz /usr/share/man/es/man1/faked-tcp.1.gz --slave /usr/share/man/fr/man1/fakeroot.1.gz fakeroot.fr.1.gz /usr/share/man/fr/man1/fakeroot-tcp.1.gz --slave /usr/share/man/fr/man1/faked.1.gz faked.fr.1.gz /usr/share/man/fr/man1/faked-tcp.1.gz --slave /usr/share/man/sv/man1/fakeroot.1.gz fakeroot.sv.1.gz /usr/share/man/sv/man1/fakeroot-tcp.1.gz --slave /usr/share/man/sv/man1/faked.1.gz faked.sv.1.gz /usr/share/man/sv/man1/faked-tcp.1.gz
update-alternatives 2020-03-21 16:20:06: run with --quiet --install /usr/bin/pinentry pinentry /usr/bin/pinentry-curses 50 --slave /usr/share/man/man1/pinentry.1.gz pinentry.1.gz /usr/share/man/man1/pinentry-curses.1.gz
update-alternatives 2020-03-21 16:20:06: link group pinentry updated to point to /usr/bin/pinentry-curses
update-alternatives 2020-03-21 16:20:06: run with --quiet --install /lib/cpp cpp /usr/bin/cpp 10
update-alternatives 2020-03-21 16:20:06: link group cpp updated to point to /usr/bin/cpp
update-alternatives 2020-03-21 16:20:06: run with --quiet --install /usr/bin/cc cc /usr/bin/gcc 20 --slave /usr/share/man/man1/cc.1.gz cc.1.gz /usr/share/man/man1/gcc.1.gz
update-alternatives 2020-03-21 16:20:06: link group cc updated to point to /usr/bin/gcc
update-alternatives 2020-03-21 16:20:06: run with --quiet --install /usr/bin/c89 c89 /usr/bin/c89-gcc 20 --slave /usr/share/man/man1/c89.1.gz c89.1.gz /usr/share/man/man1/c89-gcc.1.gz
update-alternatives 2020-03-21 16:20:06: link group c89 updated to point to /usr/bin/c89-gcc
update-alternatives 2020-03-21 16:20:06: run with --quiet --install /usr/bin/c99 c99 /usr/bin/c99-gcc 20 --slave /usr/share/man/man1/c99.1.gz c99.1.gz /usr/share/man/man1/c99-gcc.1.gz
update-alternatives 2020-03-21 16:20:06: link group c99 updated to point to /usr/bin/c99-gcc
update-alternatives 2020-03-21 16:20:06: run with --install /usr/bin/c++ c++ /usr/bin/g++ 20 --slave /usr/share/man/man1/c++.1.gz c++.1.gz /usr/share/man/man1/g++.1.gz
update-alternatives 2020-03-21 16:20:06: link group c++ updated to point to /usr/bin/g++
update-alternatives 2020-03-21 19:23:10: run with --remove vi /usr/bin/vim.basic
update-alternatives 2020-03-21 19:23:10: link group vi fully removed
update-alternatives 2020-03-21 19:23:10: run with --remove view /usr/bin/vim.basic
update-alternatives 2020-03-21 19:23:10: link group view fully removed
update-alternatives 2020-03-21 19:23:10: run with --remove ex /usr/bin/vim.basic
update-alternatives 2020-03-21 19:23:10: link group ex fully removed
update-alternatives 2020-03-21 19:23:10: run with --remove editor /usr/bin/vim.basic
update-alternatives 2020-03-21 19:23:10: run with --remove rvim /usr/bin/vim.basic
update-alternatives 2020-03-21 19:23:10: link group rvim fully removed
update-alternatives 2020-03-21 19:23:10: run with --remove rview /usr/bin/vim.basic
update-alternatives 2020-03-21 19:23:10: link group rview fully removed
update-alternatives 2020-03-21 19:23:10: run with --remove vimdiff /usr/bin/vim.basic
update-alternatives 2020-03-21 19:23:10: link group vimdiff fully removed
update-alternatives 2020-03-21 19:23:10: run with --remove vim /usr/bin/vim.basic
update-alternatives 2020-03-21 19:23:10: link group vim fully removed
update-alternatives 2020-03-21 19:23:49: run with --remove c++ /usr/bin/g++
update-alternatives 2020-03-21 19:23:49: link group c++ fully removed
update-alternatives 2020-03-21 19:25:55: run with --remove telnet /usr/bin/telnet.netkit
update-alternatives 2020-03-21 19:25:55: link group telnet fully removed
update-alternatives 2020-03-21 19:30:38: run with --quiet --remove cc /usr/bin/gcc
update-alternatives 2020-03-21 19:30:38: link group cc fully removed
update-alternatives 2020-03-21 19:30:38: run with --quiet --remove c89 /usr/bin/c89-gcc
update-alternatives 2020-03-21 19:30:38: link group c89 fully removed
update-alternatives 2020-03-21 19:30:38: run with --quiet --remove c99 /usr/bin/c99-gcc
update-alternatives 2020-03-21 19:30:38: link group c99 fully removed
update-alternatives 2020-03-21 19:30:38: run with --quiet --remove cpp /usr/bin/cpp
update-alternatives 2020-03-21 19:30:38: link group cpp fully removed
update-alternatives 2020-03-21 20:52:16: run with --remove text.plymouth /usr/share/plymouth/themes/ubuntu-text/ubuntu-text.plymouth
update-alternatives 2020-03-21 20:52:16: link group text.plymouth fully removed
update-alternatives 2020-03-21 20:53:12: run with --remove fakeroot /usr/bin/fakeroot-sysv
update-alternatives 2020-03-21 20:53:12: link group fakeroot updated to point to /usr/bin/fakeroot-tcp
update-alternatives 2020-03-21 20:53:12: run with --remove fakeroot /usr/bin/fakeroot-tcp
update-alternatives 2020-03-21 20:53:12: link group fakeroot fully removed
update-alternatives 2020-03-21 21:12:00: run with --quiet --remove pinentry /usr/bin/pinentry-curses
update-alternatives 2020-03-21 21:12:00: link group pinentry fully removed
update-alternatives 2020-03-21 21:15:23: run with --remove ftp /usr/bin/netkit-ftp
update-alternatives 2020-03-21 21:15:23: link group ftp fully removed
update-alternatives 2020-03-21 21:15:30: run with --remove editor /bin/nano
update-alternatives 2020-03-21 21:15:30: link group editor updated to point to /bin/ed
update-alternatives 2020-03-21 21:15:30: run with --remove pico /bin/nano
update-alternatives 2020-03-21 21:15:30: link group pico fully removed
update-alternatives 2020-03-21 21:19:18: run with --remove infobrowser /usr/bin/info
update-alternatives 2020-03-21 21:19:18: link group infobrowser fully removed
update-alternatives 2020-03-21 21:19:53: run with --remove traceroute6 /usr/bin/traceroute6.iputils
update-alternatives 2020-03-21 21:19:53: link group traceroute6 fully removed
update-alternatives 2020-03-21 21:22:00: run with --quiet --remove rsh /usr/bin/ssh
update-alternatives 2020-03-21 21:22:00: link group rsh fully removed
update-alternatives 2020-03-21 21:22:00: run with --quiet --remove rlogin /usr/bin/slogin
update-alternatives 2020-03-21 21:22:00: link group rlogin fully removed
update-alternatives 2020-03-21 21:22:00: run with --quiet --remove rcp /usr/bin/scp
update-alternatives 2020-03-21 21:22:00: link group rcp fully removed
update-alternatives 2020-03-27 20:30:04: run with --quiet --install /usr/bin/rsh rsh /usr/bin/ssh 20 --slave /usr/share/man/man1/rsh.1.gz rsh.1.gz /usr/share/man/man1/ssh.1.gz
update-alternatives 2020-03-27 20:30:04: link group rsh updated to point to /usr/bin/ssh
update-alternatives 2020-03-27 20:30:04: run with --quiet --install /usr/bin/rlogin rlogin /usr/bin/slogin 20 --slave /usr/share/man/man1/rlogin.1.gz rlogin.1.gz /usr/share/man/man1/slogin.1.gz
update-alternatives 2020-03-27 20:30:04: link group rlogin updated to point to /usr/bin/slogin
update-alternatives 2020-03-27 20:30:04: run with --quiet --install /usr/bin/rcp rcp /usr/bin/scp 20 --slave /usr/share/man/man1/rcp.1.gz rcp.1.gz /usr/share/man/man1/scp.1.gz
update-alternatives 2020-03-27 20:30:04: link group rcp updated to point to /usr/bin/scp
