2020-03-31 22:15:30 startup packages remove
2020-03-31 22:15:30 status installed binutils:amd64 2.30-21ubuntu1~18.04.2
2020-03-31 22:15:30 remove binutils:amd64 2.30-21ubuntu1~18.04.2 <none>
2020-03-31 22:15:30 status half-configured binutils:amd64 2.30-21ubuntu1~18.04.2
2020-03-31 22:15:30 status half-installed binutils:amd64 2.30-21ubuntu1~18.04.2
2020-03-31 22:15:30 status config-files binutils:amd64 2.30-21ubuntu1~18.04.2
2020-03-31 22:15:30 status config-files binutils:amd64 2.30-21ubuntu1~18.04.2
2020-03-31 22:15:30 status config-files binutils:amd64 2.30-21ubuntu1~18.04.2
2020-03-31 22:15:30 status not-installed binutils:amd64 <none>
2020-03-31 22:15:30 startup packages configure
2020-03-31 22:15:30 trigproc mime-support:all 3.60ubuntu1 <none>
2020-03-31 22:15:30 status half-configured mime-support:all 3.60ubuntu1
2020-03-31 22:15:30 status installed mime-support:all 3.60ubuntu1
2020-03-31 22:15:30 trigproc libc-bin:amd64 2.27-3ubuntu1 <none>
2020-03-31 22:15:30 status half-configured libc-bin:amd64 2.27-3ubuntu1
2020-03-31 22:15:30 status installed libc-bin:amd64 2.27-3ubuntu1
2020-03-31 22:15:44 startup packages remove
2020-03-31 22:15:44 status installed binutils-x86-64-linux-gnu:amd64 2.30-21ubuntu1~18.04.2
2020-03-31 22:15:44 remove binutils-x86-64-linux-gnu:amd64 2.30-21ubuntu1~18.04.2 <none>
2020-03-31 22:15:44 status half-configured binutils-x86-64-linux-gnu:amd64 2.30-21ubuntu1~18.04.2
2020-03-31 22:15:44 status half-installed binutils-x86-64-linux-gnu:amd64 2.30-21ubuntu1~18.04.2
2020-03-31 22:15:44 status config-files binutils-x86-64-linux-gnu:amd64 2.30-21ubuntu1~18.04.2
2020-03-31 22:15:44 status config-files binutils-x86-64-linux-gnu:amd64 2.30-21ubuntu1~18.04.2
2020-03-31 22:15:44 status config-files binutils-x86-64-linux-gnu:amd64 2.30-21ubuntu1~18.04.2
2020-03-31 22:15:44 status not-installed binutils-x86-64-linux-gnu:amd64 <none>
2020-03-31 22:15:44 status installed libbinutils:amd64 2.30-21ubuntu1~18.04.2
2020-03-31 22:15:44 remove libbinutils:amd64 2.30-21ubuntu1~18.04.2 <none>
2020-03-31 22:15:44 status triggers-pending libc-bin:amd64 2.27-3ubuntu1
2020-03-31 22:15:44 status half-configured libbinutils:amd64 2.30-21ubuntu1~18.04.2
2020-03-31 22:15:44 status half-installed libbinutils:amd64 2.30-21ubuntu1~18.04.2
2020-03-31 22:15:44 status config-files libbinutils:amd64 2.30-21ubuntu1~18.04.2
2020-03-31 22:15:44 status config-files libbinutils:amd64 2.30-21ubuntu1~18.04.2
2020-03-31 22:15:44 status config-files libbinutils:amd64 2.30-21ubuntu1~18.04.2
2020-03-31 22:15:44 status not-installed libbinutils:amd64 <none>
2020-03-31 22:15:44 status installed binutils-common:amd64 2.30-21ubuntu1~18.04.2
2020-03-31 22:15:44 remove binutils-common:amd64 2.30-21ubuntu1~18.04.2 <none>
2020-03-31 22:15:44 status half-configured binutils-common:amd64 2.30-21ubuntu1~18.04.2
2020-03-31 22:15:44 status half-installed binutils-common:amd64 2.30-21ubuntu1~18.04.2
2020-03-31 22:15:44 status config-files binutils-common:amd64 2.30-21ubuntu1~18.04.2
2020-03-31 22:15:44 status config-files binutils-common:amd64 2.30-21ubuntu1~18.04.2
2020-03-31 22:15:44 status config-files binutils-common:amd64 2.30-21ubuntu1~18.04.2
2020-03-31 22:15:44 status not-installed binutils-common:amd64 <none>
2020-03-31 22:15:44 startup packages configure
2020-03-31 22:15:44 trigproc libc-bin:amd64 2.27-3ubuntu1 <none>
2020-03-31 22:15:44 status half-configured libc-bin:amd64 2.27-3ubuntu1
2020-03-31 22:15:44 status installed libc-bin:amd64 2.27-3ubuntu1
2020-03-31 22:29:32 startup packages remove
2020-03-31 22:29:32 status installed ntfs-3g:amd64 1:2017.3.23-2ubuntu0.18.04.2
2020-03-31 22:29:32 remove ntfs-3g:amd64 1:2017.3.23-2ubuntu0.18.04.2 <none>
2020-03-31 22:29:32 status half-configured ntfs-3g:amd64 1:2017.3.23-2ubuntu0.18.04.2
2020-03-31 22:29:32 status half-installed ntfs-3g:amd64 1:2017.3.23-2ubuntu0.18.04.2
2020-03-31 22:29:32 status config-files ntfs-3g:amd64 1:2017.3.23-2ubuntu0.18.04.2
2020-03-31 22:29:32 status config-files ntfs-3g:amd64 1:2017.3.23-2ubuntu0.18.04.2
2020-03-31 22:29:32 startup packages configure
2020-03-31 22:29:44 startup packages remove
2020-03-31 22:29:44 status installed libntfs-3g88:amd64 1:2017.3.23-2ubuntu0.18.04.2
2020-03-31 22:29:44 remove libntfs-3g88:amd64 1:2017.3.23-2ubuntu0.18.04.2 <none>
2020-03-31 22:29:44 status triggers-pending libc-bin:amd64 2.27-3ubuntu1
2020-03-31 22:29:44 status half-configured libntfs-3g88:amd64 1:2017.3.23-2ubuntu0.18.04.2
2020-03-31 22:29:44 status half-installed libntfs-3g88:amd64 1:2017.3.23-2ubuntu0.18.04.2
2020-03-31 22:29:44 status config-files libntfs-3g88:amd64 1:2017.3.23-2ubuntu0.18.04.2
2020-03-31 22:29:44 status config-files libntfs-3g88:amd64 1:2017.3.23-2ubuntu0.18.04.2
2020-03-31 22:29:44 status config-files libntfs-3g88:amd64 1:2017.3.23-2ubuntu0.18.04.2
2020-03-31 22:29:44 status not-installed libntfs-3g88:amd64 <none>
2020-03-31 22:29:44 startup packages configure
2020-03-31 22:29:44 trigproc libc-bin:amd64 2.27-3ubuntu1 <none>
2020-03-31 22:29:44 status half-configured libc-bin:amd64 2.27-3ubuntu1
2020-03-31 22:29:44 status installed libc-bin:amd64 2.27-3ubuntu1
