
Start-Date: 2020-03-21  16:09:35
Commandline: apt-get install -y systemd-sysv
Install: libdevmapper1.02.1:amd64 (2:1.02.145-4.1ubuntu3.18.04.2, automatic), dmsetup:amd64 (2:1.02.145-4.1ubuntu3.18.04.2, automatic), libpython3.6-minimal:amd64 (3.6.9-1~18.04, automatic), libdbus-1-3:amd64 (1.12.2-1ubuntu1.1, automatic), networkd-dispatcher:amd64 (1.7-0ubuntu3.3, automatic), libgirepository-1.0-1:amd64 (1.56.1-1, automatic), libargon2-0:amd64 (0~20161029-1.1, automatic), xdg-user-dirs:amd64 (0.17-1ubuntu1, automatic), dbus:amd64 (1.12.2-1ubuntu1.1, automatic), libkmod2:amd64 (24-1ubuntu3.2, automatic), libsqlite3-0:amd64 (3.22.0-1ubuntu0.3, automatic), libpython3.6-stdlib:amd64 (3.6.9-1~18.04, automatic), libicu60:amd64 (60.2-3ubuntu3.1, automatic), python3.6:amd64 (3.6.9-1~18.04, automatic), python3:amd64 (3.6.7-1~18.04, automatic), mime-support:amd64 (3.60ubuntu1, automatic), readline-common:amd64 (7.0-3, automatic), libmagic1:amd64 (1:5.32-2ubuntu0.3, automatic), libmpdec2:amd64 (2.4.2-1ubuntu1, automatic), libexpat1:amd64 (2.2.5-3ubuntu0.2, automatic), libapparmor1:amd64 (2.12-4ubuntu5.1, automatic), python3.6-minimal:amd64 (3.6.9-1~18.04, automatic), python3-minimal:amd64 (3.6.7-1~18.04, automatic), libmagic-mgc:amd64 (1:5.32-2ubuntu0.3, automatic), gir1.2-glib-2.0:amd64 (1.56.1-1, automatic), libcap2:amd64 (1:2.25-1.2, automatic), libpython3-stdlib:amd64 (3.6.7-1~18.04, automatic), systemd-sysv:amd64 (237-3ubuntu10.39), libpam-systemd:amd64 (237-3ubuntu10.39, automatic), xz-utils:amd64 (5.2.2-1.3, automatic), shared-mime-info:amd64 (1.9-2, automatic), systemd:amd64 (237-3ubuntu10.39, automatic), libreadline7:amd64 (7.0-3, automatic), libnss-systemd:amd64 (237-3ubuntu10.39, automatic), bzip2:amd64 (1.0.6-8.1ubuntu0.2, automatic), python3-dbus:amd64 (1.2.6-1, automatic), libglib2.0-data:amd64 (2.56.4-0ubuntu0.18.04.4, automatic), libxml2:amd64 (2.9.4+dfsg1-6.1ubuntu1.3, automatic), file:amd64 (1:5.32-2ubuntu0.3, automatic), python3-gi:amd64 (3.26.1-2ubuntu1, automatic), libidn11:amd64 (1.33-2.1ubuntu1.2, automatic), libcryptsetup12:amd64 (2:2.0.2-1ubuntu1.1, automatic), libssl1.1:amd64 (1.1.1-1ubuntu2.1~18.04.5, automatic), libjson-c3:amd64 (0.12.1-1.3, automatic), libip4tc0:amd64 (1.6.1-2ubuntu2, automatic), libglib2.0-0:amd64 (2.56.4-0ubuntu0.18.04.4, automatic)
Upgrade: libsystemd0:amd64 (237-3ubuntu10, 237-3ubuntu10.39), libbz2-1.0:amd64 (1.0.6-8.1, 1.0.6-8.1ubuntu0.2)
End-Date: 2020-03-21  16:09:41

Start-Date: 2020-03-21  16:11:39
Commandline: apt-get install -y ubuntu-standard casper lupin-casper discover laptop-detect os-prober network-manager net-tools locales linux-generic
Install: libgssapi3-heimdal:amd64 (7.5.0+dfsg-1, automatic), libxdmcp6:amd64 (1:1.1.2-3, automatic), info:amd64 (6.5.0.dfsg.1-2, automatic), manpages:amd64 (4.15-1, automatic), libqmi-proxy:amd64 (1.22.0-1.2~ubuntu18.04.1, automatic), libpolkit-gobject-1-0:amd64 (0.105-20ubuntu0.18.04.5, automatic), network-manager-pptp:amd64 (1.2.6-1, automatic), python3-distro-info:amd64 (0.18ubuntu0.18.04.1, automatic), iso-codes:amd64 (3.79-1, automatic), libusb-1.0-0:amd64 (2:1.0.21-2, automatic), libldb1:amd64 (2:1.2.3-1ubuntu0.1, automatic), python-tdb:amd64 (1.3.15-2, automatic), fuse:amd64 (2.9.7-1ubuntu1, automatic), libteamdctl0:amd64 (1.26-1, automatic), libkrb5-3:amd64 (1.16-2ubuntu0.1, automatic), dosfstools:amd64 (4.1-1, automatic), libgssapi-krb5-2:amd64 (1.16-2ubuntu0.1, automatic), linux-modules-extra-4.15.0-91-generic:amd64 (4.15.0-91.92, automatic), libnghttp2-14:amd64 (1.30.0-1ubuntu1, automatic), mtr-tiny:amd64 (0.92-1, automatic), libisccfg160:amd64 (1:9.11.3+dfsg-1ubuntu1.11, automatic), libpopt0:amd64 (1.16-11, automatic), libcups2:amd64 (2.2.7-1ubuntu2.7, automatic), intel-microcode:amd64 (3.20191115.1ubuntu0.18.04.2, automatic), irqbalance:amd64 (1.3.0-0.1ubuntu0.18.04.1, automatic), libwind0-heimdal:amd64 (7.5.0+dfsg-1, automatic), update-manager-core:amd64 (1:18.04.11.10, automatic), uuid-runtime:amd64 (2.31.1-0.4ubuntu3.5, automatic), linux-headers-generic:amd64 (4.15.0.91.83, automatic), publicsuffix:amd64 (20180223.1310-1, automatic), ureadahead:amd64 (0.100.0-21, automatic), iptables:amd64 (1.6.1-2ubuntu2, automatic), os-prober:amd64 (1.74ubuntu1), libpcsclite1:amd64 (1.8.23-1, automatic), ed:amd64 (1.10-2.1, automatic), libdiscover2:amd64 (2.1.2-8, automatic), friendly-recovery:amd64 (0.2.38ubuntu1.1, automatic), iw:amd64 (4.14-0.1, automatic), python-samba:amd64 (2:4.7.6+dfsg~ubuntu-0ubuntu2.15, automatic), libsasl2-modules-db:amd64 (2.1.27~101-g0780600+dfsg-3ubuntu2.1, automatic), libapt-inst2.0:amd64 (1.6.12, automatic), libldap-2.4-2:amd64 (2.4.45+dfsg-1ubuntu1.4, automatic), openssl:amd64 (1.1.1-1ubuntu2.1~18.04.5, automatic), strace:amd64 (4.21-1ubuntu1, automatic), finalrd:amd64 (3~ubuntu18.04.0, automatic), ntfs-3g:amd64 (1:2017.3.23-2ubuntu0.18.04.2, automatic), libnl-genl-3-200:amd64 (3.2.29-0ubuntu3, automatic), libwbclient0:amd64 (2:4.7.6+dfsg~ubuntu-0ubuntu2.15, automatic), laptop-detect:amd64 (0.16), grub-common:amd64 (2.02-2ubuntu8.15, automatic), linux-image-generic:amd64 (4.15.0.91.83, automatic), libheimntlm0-heimdal:amd64 (7.5.0+dfsg-1, automatic), libparted2:amd64 (3.2-20ubuntu0.2, automatic), iucode-tool:amd64 (2.3.1-1, automatic), libpsl5:amd64 (0.19.1-5build1, automatic), python2.7-minimal:amd64 (2.7.17-1~18.04, automatic), tcpdump:amd64 (4.9.3-0ubuntu0.18.04.1, automatic), libpam-cap:amd64 (1:2.25-1.2, automatic), casper:amd64 (1.394.3), libelf1:amd64 (0.170-0.4ubuntu0.1, automatic), libirs160:amd64 (1:9.11.3+dfsg-1ubuntu1.11, automatic), bsdmainutils:amd64 (11.1.2ubuntu1, automatic), iputils-arping:amd64 (3:20161105-1ubuntu3, automatic), libbsd0:amd64 (0.8.7-1ubuntu0.1, automatic), bind9-host:amd64 (1:9.11.3+dfsg-1ubuntu1.11, automatic), language-selector-common:amd64 (0.188.3, automatic), lupin-casper:amd64 (0.57build1), lshw:amd64 (02.18-0.1ubuntu6.18.04.1, automatic), libavahi-common-data:amd64 (0.7-3.1ubuntu1.2, automatic), lsof:amd64 (4.89+dfsg-0.1, automatic), libqmi-glib5:amd64 (1.22.0-1.2~ubuntu18.04.1, automatic), powermgmt-base:amd64 (1.33, automatic), pptp-linux:amd64 (1.9.0+ds-2, automatic), dnsutils:amd64 (1:9.11.3+dfsg-1ubuntu1.11, automatic), geoip-database:amd64 (20180315-1, automatic), libavahi-common3:amd64 (0.7-3.1ubuntu1.2, automatic), sudo:amd64 (1.8.21p2-3ubuntu1.2, automatic), libpython2.7:amd64 (2.7.17-1~18.04, automatic), python2.7:amd64 (2.7.17-1~18.04, automatic), dnsmasq-base:amd64 (2.79-1, automatic), ubuntu-standard:amd64 (1.417.4), libheimbase1-heimdal:amd64 (7.5.0+dfsg-1, automatic), nano:amd64 (2.9.3-2, automatic), linux-base:amd64 (4.5ubuntu1, automatic), netbase:amd64 (5.4, automatic), ftp:amd64 (0.17-34, automatic), libnuma1:amd64 (2.0.11-2.1ubuntu0.1, automatic), python-apt-common:amd64 (1.6.5ubuntu0.2, automatic), libpolkit-agent-1-0:amd64 (0.105-20ubuntu0.18.04.5, automatic), libk5crypto3:amd64 (1.16-2ubuntu0.1, automatic), grub2-common:amd64 (2.02-2ubuntu8.15, automatic), iputils-tracepath:amd64 (3:20161105-1ubuntu3, automatic), libisc169:amd64 (1:9.11.3+dfsg-1ubuntu1.11, automatic), libip6tc0:amd64 (1.6.1-2ubuntu2, automatic), udev:amd64 (237-3ubuntu10.39, automatic), locales:amd64 (2.27-3ubuntu1), discover-data:amd64 (2.2013.01.11, automatic), libnm0:amd64 (1.10.6-2ubuntu1.4, automatic), popularity-contest:amd64 (1.66ubuntu1, automatic), plymouth-theme-ubuntu-text:amd64 (0.9.3-1ubuntu7.18.04.2, automatic), libsasl2-2:amd64 (2.1.27~101-g0780600+dfsg-3ubuntu2.1, automatic), linux-image-4.15.0-91-generic:amd64 (4.15.0-91.92, automatic), libklibc:amd64 (2.0.4-9ubuntu2, automatic), linux-headers-4.15.0-91:amd64 (4.15.0-91.92, automatic), libpipeline1:amd64 (1.5.0-1, automatic), isc-dhcp-common:amd64 (4.3.5-3ubuntu7.1, automatic), amd64-microcode:amd64 (3.20191021.1+really3.20181128.1~ubuntu0.18.04.1, automatic), command-not-found-data:amd64 (18.04.5, automatic), network-manager:amd64 (1.10.6-2ubuntu1.4), python:amd64 (2.7.15~rc1-1, automatic), initramfs-tools-bin:amd64 (0.130ubuntu3.9, automatic), grub-pc:amd64 (2.02-2ubuntu8.15, automatic), libgudev-1.0-0:amd64 (1:232-2, automatic), libx11-6:amd64 (2:1.6.4-3ubuntu0.2, automatic), kmod:amd64 (24-1ubuntu3.2, automatic), net-tools:amd64 (1.60+git20161116.90da8a0-1ubuntu1), cifs-utils:amd64 (2:6.8-1, automatic), libtalloc2:amd64 (2.1.10-2ubuntu1, automatic), python-talloc:amd64 (2.1.10-2ubuntu1, automatic), libplymouth4:amd64 (0.9.3-1ubuntu7.18.04.2, automatic), krb5-locales:amd64 (1.16-2ubuntu0.1, automatic), libndp0:amd64 (1.6-1, automatic), localechooser-data:amd64 (2.71ubuntu3, automatic), samba-libs:amd64 (2:4.7.6+dfsg~ubuntu-0ubuntu2.15, automatic), grub-pc-bin:amd64 (2.02-2ubuntu8.15, automatic), python-crypto:amd64 (2.6.1-8ubuntu2, automatic), libpython-stdlib:amd64 (2.7.15~rc1-1, automatic), libiptc0:amd64 (1.6.1-2ubuntu2, automatic), user-setup:amd64 (1.63ubuntu5, automatic), libnfnetlink0:amd64 (1.0.1-3, automatic), groff-base:amd64 (1.22.3-10, automatic), ppp:amd64 (2.4.7-2+2ubuntu1.2, automatic), libxau6:amd64 (1:1.0.8-1, automatic), librtmp1:amd64 (2.4+20151223.gitfa8646d.1-1, automatic), libisc-export169:amd64 (1:9.11.3+dfsg-1ubuntu1.11, automatic), busybox-static:amd64 (1:1.27.2-2ubuntu3.2, automatic), python3-distupgrade:amd64 (1:18.04.37, automatic), man-db:amd64 (2.8.3-2ubuntu0.1, automatic), libsasl2-modules:amd64 (2.1.27~101-g0780600+dfsg-3ubuntu2.1, automatic), libgeoip1:amd64 (1.6.12-1, automatic), python3-commandnotfound:amd64 (18.04.5, automatic), psmisc:amd64 (23.1-1ubuntu0.1, automatic), python3-update-manager:amd64 (1:18.04.11.10, automatic), libxcb1:amd64 (1.13-2~ubuntu18.04, automatic), grub-gfxpayload-lists:amd64 (0.7, automatic), ubuntu-release-upgrader-core:amd64 (1:18.04.37, automatic), libatm1:amd64 (1:2.5.1-2build1, automatic), libkrb5support0:amd64 (1.16-2ubuntu0.1, automatic), libnih1:amd64 (1.0.3-6ubuntu2, automatic), libusb-0.1-4:amd64 (2:0.1.12-31, automatic), whiptail:amd64 (0.52.20-1ubuntu1, automatic), libnewt0.52:amd64 (0.52.20-1ubuntu1, automatic), libfuse2:amd64 (2.9.7-1ubuntu1, automatic), dmidecode:amd64 (3.1-1ubuntu0.1, automatic), samba-common:amd64 (2:4.7.6+dfsg~ubuntu-0ubuntu2.15, automatic), discover:amd64 (2.1.2-8), libcap2-bin:amd64 (1:2.25-1.2, automatic), libnl-3-200:amd64 (3.2.29-0ubuntu3, automatic), libldap-common:amd64 (2.4.45+dfsg-1ubuntu1.4, automatic), libgdbm5:amd64 (1.14.1-6, automatic), liblwres160:amd64 (1:9.11.3+dfsg-1ubuntu1.11, automatic), libntfs-3g88:amd64 (1:2017.3.23-2ubuntu0.18.04.2, automatic), libhcrypto4-heimdal:amd64 (7.5.0+dfsg-1, automatic), ucf:amd64 (3.0038, automatic), ufw:amd64 (0.36-0ubuntu0.18.04.1, automatic), libkeyutils1:amd64 (1.5.9-9.2ubuntu2, automatic), libxmuu1:amd64 (2:1.1.2-2, automatic), libnetfilter-conntrack3:amd64 (1.0.6-2, automatic), libmm-glib0:amd64 (1.10.0-1~ubuntu18.04.2, automatic), distro-info-data:amd64 (0.37ubuntu0.6, automatic), parted:amd64 (3.2-20ubuntu0.2, automatic), libdrm2:amd64 (2.4.99-1ubuntu1~18.04.2, automatic), libdbus-glib-1-2:amd64 (0.110-2, automatic), libmbim-proxy:amd64 (1.18.0-1~ubuntu18.04.1, automatic), wpasupplicant:amd64 (2:2.6-15ubuntu2.5, automatic), usb-modeswitch-data:amd64 (20170806-2, automatic), mlocate:amd64 (0.26-2ubuntu3.1, automatic), libpolkit-backend-1-0:amd64 (0.105-20ubuntu0.18.04.5, automatic), eject:amd64 (2.1.5+deb1+cvs20081104-13.2, automatic), libx11-data:amd64 (2:1.6.4-3ubuntu0.2, automatic), iproute2:amd64 (4.15.0-2ubuntu1, automatic), openssh-client:amd64 (1:7.6p1-4ubuntu0.3, automatic), samba-common-bin:amd64 (2:4.7.6+dfsg~ubuntu-0ubuntu2.15, automatic), libdns-export1100:amd64 (1:9.11.3+dfsg-1ubuntu1.11, automatic), libtdb1:amd64 (1.3.15-2, automatic), time:amd64 (1.7-25.1build1, automatic), usbutils:amd64 (1:007-4build1, automatic), libunwind8:amd64 (1.2.1-8, automatic), plymouth:amd64 (0.9.3-1ubuntu7.18.04.2, automatic), ltrace:amd64 (0.7.3-6ubuntu1, automatic), libxtables12:amd64 (1.6.1-2ubuntu2, automatic), policykit-1:amd64 (0.105-20ubuntu0.18.04.5, automatic), thermald:amd64 (1.7.0-5ubuntu5, automatic), lsb-release:amd64 (9.20170808ubuntu1, automatic), logrotate:amd64 (3.11.0-0.1ubuntu1, automatic), pciutils:amd64 (1:3.5.2-1ubuntu1.1, automatic), libpython2.7-minimal:amd64 (2.7.17-1~18.04, automatic), multiarch-support:amd64 (2.27-3ubuntu1, automatic), cpio:amd64 (2.12+dfsg-6ubuntu0.18.04.1, automatic), libedit2:amd64 (3.1-20170329-1, automatic), libroken18-heimdal:amd64 (7.5.0+dfsg-1, automatic), libpcap0.8:amd64 (1.8.1-6ubuntu1.18.04.1, automatic), libfreetype6:amd64 (2.8.1-2ubuntu2, automatic), ca-certificates:amd64 (20180409, automatic), rsync:amd64 (3.1.2-2.1ubuntu1.1, automatic), xauth:amd64 (1:1.0.10-1, automatic), modemmanager:amd64 (1.10.0-1~ubuntu18.04.2, automatic), apparmor:amd64 (2.12-4ubuntu5.1, automatic), command-not-found:amd64 (18.04.5, automatic), dns-root-data:amd64 (2018013001, automatic), libasn1-8-heimdal:amd64 (7.5.0+dfsg-1, automatic), libisccc160:amd64 (1:9.11.3+dfsg-1ubuntu1.11, automatic), libkrb5-26-heimdal:amd64 (7.5.0+dfsg-1, automatic), wget:amd64 (1.19.4-1ubuntu2.2, automatic), crda:amd64 (3.18-1build1, automatic), telnet:amd64 (0.17-41, automatic), cron:amd64 (3.0pl1-128.1ubuntu1, automatic), usb-modeswitch:amd64 (2.5.2+repack0-2ubuntu1, automatic), linux-firmware:amd64 (1.173.16, automatic), libbind9-160:amd64 (1:9.11.3+dfsg-1ubuntu1.11, automatic), accountsservice:amd64 (0.6.45-1ubuntu1, automatic), libpci3:amd64 (1:3.5.2-1ubuntu1.1, automatic), python-ldb:amd64 (2:1.2.3-1ubuntu0.1, automatic), libjansson4:amd64 (2.11-1, automatic), libdns1100:amd64 (1:9.11.3+dfsg-1ubuntu1.11, automatic), libbluetooth3:amd64 (5.48-0ubuntu3.3, automatic), gettext-base:amd64 (0.19.8.1-6ubuntu0.3, automatic), libpython2.7-stdlib:amd64 (2.7.17-1~18.04, automatic), python3-gdbm:amd64 (3.6.9-1~18.04, automatic), libavahi-client3:amd64 (0.7-3.1ubuntu1.2, automatic), libhx509-5-heimdal:amd64 (7.5.0+dfsg-1, automatic), isc-dhcp-client:amd64 (4.3.5-3ubuntu7.1, automatic), libtevent0:amd64 (0.9.34-1, automatic), klibc-utils:amd64 (2.0.4-9ubuntu2, automatic), libmbim-glib4:amd64 (1.18.0-1~ubuntu18.04.1, automatic), linux-generic:amd64 (4.15.0.91.83), python-minimal:amd64 (2.7.15~rc1-1, automatic), wireless-regdb:amd64 (2018.05.09-0ubuntu1~18.04.1, automatic), install-info:amd64 (6.5.0.dfsg.1-2, automatic), libcurl3-gnutls:amd64 (7.58.0-2ubuntu3.8, automatic), initramfs-tools-core:amd64 (0.130ubuntu3.9, automatic), initramfs-tools:amd64 (0.130ubuntu3.9, automatic), libmnl0:amd64 (1.0.4-2, automatic), python3-apt:amd64 (1.6.5ubuntu0.2, automatic), libfribidi0:amd64 (0.19.7-2, automatic), libaccountsservice0:amd64 (0.6.45-1ubuntu1, automatic), hdparm:amd64 (9.54+ds-1, automatic), libssl1.0.0:amd64 (1.0.2n-1ubuntu5.3, automatic), linux-modules-4.15.0-91-generic:amd64 (4.15.0-91.92, automatic), bash-completion:amd64 (1:2.8-1ubuntu1, automatic), libxext6:amd64 (2:1.3.3-1, automatic), libdrm-common:amd64 (2.4.99-1ubuntu1~18.04.2, automatic), busybox-initramfs:amd64 (1:1.27.2-2ubuntu3.2, automatic), linux-headers-4.15.0-91-generic:amd64 (4.15.0-91.92, automatic), libslang2:amd64 (2.3.1a-3ubuntu1, automatic), libpng16-16:amd64 (1.6.34-1ubuntu0.18.04.2, automatic)
Upgrade: apt:amd64 (1.6.1, 1.6.12), libapt-pkg5.0:amd64 (1.6.1, 1.6.12), libudev1:amd64 (237-3ubuntu10, 237-3ubuntu10.39)
End-Date: 2020-03-21  16:12:51

Start-Date: 2020-03-21  16:13:37
Commandline: apt install less nano vim
Install: vim-common:amd64 (2:8.0.1453-1ubuntu1.1, automatic), libpython3.6:amd64 (3.6.9-1~18.04, automatic), vim-runtime:amd64 (2:8.0.1453-1ubuntu1.1, automatic), vim:amd64 (2:8.0.1453-1ubuntu1.1), xxd:amd64 (2:8.0.1453-1ubuntu1.1, automatic), libgpm2:amd64 (1.20.7-5, automatic), less:amd64 (487-0.1)
End-Date: 2020-03-21  16:13:38

Start-Date: 2020-03-21  16:19:49
Commandline: apt install build-essential
Requested-By: testrig (1000)
Install: libmpc3:amd64 (1.1.0-1, automatic), libgcc-7-dev:amd64 (7.5.0-3ubuntu1~18.04, automatic), libmpx2:amd64 (8.3.0-26ubuntu1~18.04, automatic), gnupg-utils:amd64 (2.2.4-1ubuntu1.2, automatic), linux-libc-dev:amd64 (4.15.0-91.92, automatic), gpg-wks-client:amd64 (2.2.4-1ubuntu1.2, automatic), libmpfr6:amd64 (4.0.1-1, automatic), gnupg-l10n:amd64 (2.2.4-1ubuntu1.2, automatic), libfakeroot:amd64 (1.22-2ubuntu1, automatic), libc6-dev:amd64 (2.27-3ubuntu1, automatic), libksba8:amd64 (1.3.5-2, automatic), cpp-7:amd64 (7.5.0-3ubuntu1~18.04, automatic), libalgorithm-diff-perl:amd64 (1.19.03-1, automatic), libalgorithm-merge-perl:amd64 (0.08-3, automatic), binutils:amd64 (2.30-21ubuntu1~18.04.2, automatic), cpp:amd64 (4:7.4.0-1ubuntu2.3, automatic), libitm1:amd64 (8.3.0-26ubuntu1~18.04, automatic), g++:amd64 (4:7.4.0-1ubuntu2.3, automatic), perl-modules-5.26:amd64 (5.26.1-6ubuntu0.3, automatic), gpg-wks-server:amd64 (2.2.4-1ubuntu1.2, automatic), gcc-7-base:amd64 (7.5.0-3ubuntu1~18.04, automatic), gcc:amd64 (4:7.4.0-1ubuntu2.3, automatic), liblocale-gettext-perl:amd64 (1.07-3build2, automatic), gpg:amd64 (2.2.4-1ubuntu1.2, automatic), libcilkrts5:amd64 (7.5.0-3ubuntu1~18.04, automatic), libasan4:amd64 (7.5.0-3ubuntu1~18.04, automatic), libquadmath0:amd64 (8.3.0-26ubuntu1~18.04, automatic), libassuan0:amd64 (2.5.1-2, automatic), libisl19:amd64 (0.19-1, automatic), build-essential:amd64 (12.4ubuntu1), libfile-fcntllock-perl:amd64 (0.22-3build2, automatic), dirmngr:amd64 (2.2.4-1ubuntu1.2, automatic), libperl5.26:amd64 (5.26.1-6ubuntu0.3, automatic), binutils-x86-64-linux-gnu:amd64 (2.30-21ubuntu1~18.04.2, automatic), libstdc++-7-dev:amd64 (7.5.0-3ubuntu1~18.04, automatic), libtsan0:amd64 (8.3.0-26ubuntu1~18.04, automatic), libubsan0:amd64 (7.5.0-3ubuntu1~18.04, automatic), g++-7:amd64 (7.5.0-3ubuntu1~18.04, automatic), make:amd64 (4.1-9.1ubuntu1, automatic), fakeroot:amd64 (1.22-2ubuntu1, automatic), gcc-7:amd64 (7.5.0-3ubuntu1~18.04, automatic), liblsan0:amd64 (8.3.0-26ubuntu1~18.04, automatic), libgomp1:amd64 (8.3.0-26ubuntu1~18.04, automatic), manpages-dev:amd64 (4.15-1, automatic), binutils-common:amd64 (2.30-21ubuntu1~18.04.2, automatic), libc-dev-bin:amd64 (2.27-3ubuntu1, automatic), libbinutils:amd64 (2.30-21ubuntu1~18.04.2, automatic), perl:amd64 (5.26.1-6ubuntu0.3, automatic), libatomic1:amd64 (8.3.0-26ubuntu1~18.04, automatic), gnupg:amd64 (2.2.4-1ubuntu1.2, automatic), libcc1-0:amd64 (8.3.0-26ubuntu1~18.04, automatic), libgdbm-compat4:amd64 (1.14.1-6, automatic), pinentry-curses:amd64 (1.1.0-1, automatic), libnpth0:amd64 (1.5-3, automatic), libdpkg-perl:amd64 (1.19.0.5ubuntu2.3, automatic), patch:amd64 (2.7.6-2ubuntu1.1, automatic), gpg-agent:amd64 (2.2.4-1ubuntu1.2, automatic), libalgorithm-diff-xs-perl:amd64 (0.04-5, automatic), gpgconf:amd64 (2.2.4-1ubuntu1.2, automatic), gpgsm:amd64 (2.2.4-1ubuntu1.2, automatic), dpkg-dev:amd64 (1.19.0.5ubuntu2.3, automatic)
Upgrade: perl-base:amd64 (5.26.1-6, 5.26.1-6ubuntu0.3), gcc-8-base:amd64 (8-20180414-1ubuntu2, 8.3.0-26ubuntu1~18.04), libgcc1:amd64 (1:8-20180414-1ubuntu2, 1:8.3.0-26ubuntu1~18.04), gpgv:amd64 (2.2.4-1ubuntu1, 2.2.4-1ubuntu1.2), libstdc++6:amd64 (8-20180414-1ubuntu2, 8.3.0-26ubuntu1~18.04)
End-Date: 2020-03-21  16:20:06

Start-Date: 2020-03-21  16:27:43
Commandline: apt install libssh2-1-dev
Requested-By: testrig (1000)
Install: libgcrypt20-dev:amd64 (1.8.1-4ubuntu1.2, automatic), libssh2-1:amd64 (1.8.0-1, automatic), libgpg-error-dev:amd64 (1.27-6, automatic), libssh2-1-dev:amd64 (1.8.0-1)
Upgrade: libgcrypt20:amd64 (1.8.1-4ubuntu1, 1.8.1-4ubuntu1.2)
End-Date: 2020-03-21  16:27:45

Start-Date: 2020-03-21  16:29:30
Commandline: apt install libz-dev
Requested-By: testrig (1000)
Install: zlib1g-dev:amd64 (1:1.2.11.dfsg-0ubuntu2)
End-Date: 2020-03-21  16:29:30

Start-Date: 2020-03-21  16:31:41
Commandline: apt install libio-socket-ssl-perl
Requested-By: testrig (1000)
Install: libnet-libidn-perl:amd64 (0.12.ds-2build4, automatic), libnet-ssleay-perl:amd64 (1.84-1ubuntu0.2, automatic), libio-socket-ssl-perl:amd64 (2.060-3~ubuntu18.04.1), perl-openssl-defaults:amd64 (3build1, automatic)
End-Date: 2020-03-21  16:31:41

Start-Date: 2020-03-21  16:38:05
Commandline: apt install encfs
Requested-By: testrig (1000)
Install: encfs:amd64 (1.9.2-2build2), libtinyxml2-6:amd64 (6.0.0+dfsg-1, automatic)
End-Date: 2020-03-21  16:38:07

Start-Date: 2020-03-21  19:23:09
Commandline: apt remove vim
Requested-By: testrig (1000)
Remove: vim:amd64 (2:8.0.1453-1ubuntu1.1)
End-Date: 2020-03-21  19:23:10

Start-Date: 2020-03-21  19:23:37
Commandline: apt remove build-essential
Requested-By: testrig (1000)
Remove: build-essential:amd64 (12.4ubuntu1)
End-Date: 2020-03-21  19:23:37

Start-Date: 2020-03-21  19:23:48
Commandline: apt autoremove
Requested-By: testrig (1000)
Remove: vim-common:amd64 (2:8.0.1453-1ubuntu1.1), g++:amd64 (4:7.4.0-1ubuntu2.3), libpython3.6:amd64 (3.6.9-1~18.04), libstdc++-7-dev:amd64 (7.5.0-3ubuntu1~18.04), g++-7:amd64 (7.5.0-3ubuntu1~18.04), vim-runtime:amd64 (2:8.0.1453-1ubuntu1.1), xxd:amd64 (2:8.0.1453-1ubuntu1.1)
End-Date: 2020-03-21  19:23:49

Start-Date: 2020-03-21  19:25:55
Commandline: apt remove telnet
Requested-By: testrig (1000)
Remove: telnet:amd64 (0.17-41)
End-Date: 2020-03-21  19:25:55

Start-Date: 2020-03-21  19:26:03
Commandline: apt remove tcpdump
Requested-By: testrig (1000)
Remove: tcpdump:amd64 (4.9.3-0ubuntu0.18.04.1)
End-Date: 2020-03-21  19:26:03

Start-Date: 2020-03-21  19:26:41
Commandline: apt remove strace
Requested-By: testrig (1000)
Remove: strace:amd64 (4.21-1ubuntu1), ubuntu-standard:amd64 (1.417.4)
End-Date: 2020-03-21  19:26:41

Start-Date: 2020-03-21  19:27:23
Commandline: apt remove rsync
Requested-By: testrig (1000)
Remove: rsync:amd64 (3.1.2-2.1ubuntu1.1)
End-Date: 2020-03-21  19:27:23

Start-Date: 2020-03-21  19:29:14
Commandline: apt remove linux-generic
Requested-By: testrig (1000)
Remove: linux-generic:amd64 (4.15.0.91.83)
End-Date: 2020-03-21  19:29:14

Start-Date: 2020-03-21  19:29:25
Commandline: apt autoremove
Requested-By: testrig (1000)
Remove: linux-headers-generic:amd64 (4.15.0.91.83), libunwind8:amd64 (1.2.1-8)
End-Date: 2020-03-21  19:29:26

Start-Date: 2020-03-21  19:30:38
Commandline: apt remove gcc-7 cpp-7
Requested-By: testrig (1000)
Remove: cpp-7:amd64 (7.5.0-3ubuntu1~18.04), cpp:amd64 (4:7.4.0-1ubuntu2.3), gcc:amd64 (4:7.4.0-1ubuntu2.3), gcc-7:amd64 (7.5.0-3ubuntu1~18.04)
End-Date: 2020-03-21  19:30:39

Start-Date: 2020-03-21  19:30:44
Commandline: apt autoremove
Requested-By: testrig (1000)
Remove: libmpc3:amd64 (1.1.0-1), libgcc-7-dev:amd64 (7.5.0-3ubuntu1~18.04), libmpx2:amd64 (8.3.0-26ubuntu1~18.04), libmpfr6:amd64 (4.0.1-1), libitm1:amd64 (8.3.0-26ubuntu1~18.04), gcc-7-base:amd64 (7.5.0-3ubuntu1~18.04), libcilkrts5:amd64 (7.5.0-3ubuntu1~18.04), libasan4:amd64 (7.5.0-3ubuntu1~18.04), libquadmath0:amd64 (8.3.0-26ubuntu1~18.04), libisl19:amd64 (0.19-1), libtsan0:amd64 (8.3.0-26ubuntu1~18.04), libubsan0:amd64 (7.5.0-3ubuntu1~18.04), liblsan0:amd64 (8.3.0-26ubuntu1~18.04), libgomp1:amd64 (8.3.0-26ubuntu1~18.04), libatomic1:amd64 (8.3.0-26ubuntu1~18.04), libcc1-0:amd64 (8.3.0-26ubuntu1~18.04)
End-Date: 2020-03-21  19:30:44

Start-Date: 2020-03-21  19:31:20
Commandline: apt remove linux-modules-4.15.0-91-generic
Requested-By: testrig (1000)
Remove: linux-modules-extra-4.15.0-91-generic:amd64 (4.15.0-91.92), linux-image-generic:amd64 (4.15.0.91.83), linux-image-4.15.0-91-generic:amd64 (4.15.0-91.92), linux-modules-4.15.0-91-generic:amd64 (4.15.0-91.92)
End-Date: 2020-03-21  19:31:21

Start-Date: 2020-03-21  19:31:58
Commandline: apt remove linux-headers-4.15.0-91
Requested-By: testrig (1000)
Remove: linux-headers-4.15.0-91:amd64 (4.15.0-91.92), linux-headers-4.15.0-91-generic:amd64 (4.15.0-91.92)
End-Date: 2020-03-21  19:31:59

Start-Date: 2020-03-21  20:04:16
Commandline: apt-get install deborphan
Install: deborphan:amd64 (1.7.28.8ubuntu2), dialog:amd64 (1.3-20171209-1, automatic)
End-Date: 2020-03-21  20:04:17

Start-Date: 2020-03-21  20:05:09
Commandline: apt remove deborphan
Requested-By: testrig (1000)
Remove: deborphan:amd64 (1.7.28.8ubuntu2)
End-Date: 2020-03-21  20:05:09

Start-Date: 2020-03-21  20:05:45
Commandline: apt autoremove
Requested-By: testrig (1000)
Remove: intel-microcode:amd64 (3.20191115.1ubuntu0.18.04.2), iucode-tool:amd64 (2.3.1-1), grub2-common:amd64 (2.02-2ubuntu8.15), amd64-microcode:amd64 (3.20191021.1+really3.20181128.1~ubuntu0.18.04.1), grub-pc:amd64 (2.02-2ubuntu8.15), grub-pc-bin:amd64 (2.02-2ubuntu8.15), grub-gfxpayload-lists:amd64 (0.7), libdbus-glib-1-2:amd64 (0.110-2), thermald:amd64 (1.7.0-5ubuntu5)
End-Date: 2020-03-21  20:05:45

Start-Date: 2020-03-21  20:26:27
Commandline: apt remove man-db
Requested-By: testrig (1000)
Remove: man-db:amd64 (2.8.3-2ubuntu0.1)
End-Date: 2020-03-21  20:26:27

Start-Date: 2020-03-21  20:26:39
Commandline: apt remove linux-firmware
Requested-By: testrig (1000)
Remove: linux-firmware:amd64 (1.173.16)
End-Date: 2020-03-21  20:26:39

Start-Date: 2020-03-21  20:28:33
Commandline: apt autoremove
Requested-By: testrig (1000)
Remove: groff-base:amd64 (1.22.3-10)
End-Date: 2020-03-21  20:28:33

Start-Date: 2020-03-21  20:29:15
Commandline: apt remove geoip-database
Requested-By: testrig (1000)
Remove: geoip-database:amd64 (20180315-1)
End-Date: 2020-03-21  20:29:15

Start-Date: 2020-03-21  20:49:58
Commandline: apt remove curl wget
Requested-By: testrig (1000)
Remove: wget:amd64 (1.19.4-1ubuntu2.2)
End-Date: 2020-03-21  20:49:59

Start-Date: 2020-03-21  20:50:33
Commandline: apt remove xauth
Requested-By: testrig (1000)
Remove: xauth:amd64 (1:1.0.10-1)
End-Date: 2020-03-21  20:50:33

Start-Date: 2020-03-21  20:51:19
Commandline: apt remove whiptail ubuntu-release-upgrader-core
Requested-By: testrig (1000)
Remove: update-manager-core:amd64 (1:18.04.11.10), friendly-recovery:amd64 (0.2.38ubuntu1.1), ubuntu-release-upgrader-core:amd64 (1:18.04.37), whiptail:amd64 (0.52.20-1ubuntu1)
End-Date: 2020-03-21  20:51:19

Start-Date: 2020-03-21  20:51:28
Commandline: apt autoremove
Requested-By: testrig (1000)
Remove: libxdmcp6:amd64 (1:1.1.2-3), python3-distro-info:amd64 (0.18ubuntu0.18.04.1), libx11-6:amd64 (2:1.6.4-3ubuntu0.2), libxau6:amd64 (1:1.0.8-1), python3-distupgrade:amd64 (1:18.04.37), python3-update-manager:amd64 (1:18.04.11.10), libxcb1:amd64 (1.13-2~ubuntu18.04), libxmuu1:amd64 (2:1.1.2-2), libx11-data:amd64 (2:1.6.4-3ubuntu0.2), libxext6:amd64 (2:1.3.3-1)
End-Date: 2020-03-21  20:51:28

Start-Date: 2020-03-21  20:52:16
Commandline: apt remove plymouth
Requested-By: testrig (1000)
Remove: plymouth-theme-ubuntu-text:amd64 (0.9.3-1ubuntu7.18.04.2), plymouth:amd64 (0.9.3-1ubuntu7.18.04.2)
End-Date: 2020-03-21  20:52:16

Start-Date: 2020-03-21  20:52:20
Commandline: apt autoremove
Requested-By: testrig (1000)
Remove: libdrm2:amd64 (2.4.99-1ubuntu1~18.04.2), libdrm-common:amd64 (2.4.99-1ubuntu1~18.04.2)
End-Date: 2020-03-21  20:52:20

Start-Date: 2020-03-21  20:53:06
Commandline: apt remove manpages make
Requested-By: testrig (1000)
Remove: manpages:amd64 (4.15-1), make:amd64 (4.1-9.1ubuntu1), manpages-dev:amd64 (4.15-1), dpkg-dev:amd64 (1.19.0.5ubuntu2.3)
End-Date: 2020-03-21  20:53:06

Start-Date: 2020-03-21  20:53:12
Commandline: apt autoremove
Requested-By: testrig (1000)
Remove: libfakeroot:amd64 (1.22-2ubuntu1), libalgorithm-diff-perl:amd64 (1.19.03-1), libalgorithm-merge-perl:amd64 (0.08-3), libfile-fcntllock-perl:amd64 (0.22-3build2), fakeroot:amd64 (1.22-2ubuntu1), libdpkg-perl:amd64 (1.19.0.5ubuntu2.3), patch:amd64 (2.7.6-2ubuntu1.1), libalgorithm-diff-xs-perl:amd64 (0.04-5)
End-Date: 2020-03-21  20:53:12

Start-Date: 2020-03-21  20:54:13
Commandline: apt remove patch parted
Requested-By: testrig (1000)
Remove: parted:amd64 (3.2-20ubuntu0.2)
End-Date: 2020-03-21  20:54:13

Start-Date: 2020-03-21  20:54:16
Commandline: apt autoremove
Requested-By: testrig (1000)
Remove: libparted2:amd64 (3.2-20ubuntu0.2)
End-Date: 2020-03-21  20:54:16

Start-Date: 2020-03-21  21:11:55
Commandline: apt remove gnupg
Requested-By: testrig (1000)
Remove: gnupg:amd64 (2.2.4-1ubuntu1.2)
End-Date: 2020-03-21  21:11:55

Start-Date: 2020-03-21  21:12:00
Commandline: apt autoremove
Requested-By: testrig (1000)
Remove: gnupg-utils:amd64 (2.2.4-1ubuntu1.2), gpg-wks-client:amd64 (2.2.4-1ubuntu1.2), gnupg-l10n:amd64 (2.2.4-1ubuntu1.2), libksba8:amd64 (1.3.5-2), gpg-wks-server:amd64 (2.2.4-1ubuntu1.2), gpg:amd64 (2.2.4-1ubuntu1.2), libassuan0:amd64 (2.5.1-2), dirmngr:amd64 (2.2.4-1ubuntu1.2), pinentry-curses:amd64 (1.1.0-1), libnpth0:amd64 (1.5-3), gpg-agent:amd64 (2.2.4-1ubuntu1.2), gpgconf:amd64 (2.2.4-1ubuntu1.2), gpgsm:amd64 (2.2.4-1ubuntu1.2)
End-Date: 2020-03-21  21:12:00

Start-Date: 2020-03-21  21:15:23
Commandline: apt remove ftp
Requested-By: testrig (1000)
Remove: ftp:amd64 (0.17-34)
End-Date: 2020-03-21  21:15:23

Start-Date: 2020-03-21  21:15:30
Commandline: apt remove nano
Requested-By: testrig (1000)
Remove: nano:amd64 (2.9.3-2)
End-Date: 2020-03-21  21:15:30

Start-Date: 2020-03-21  21:16:45
Commandline: apt remove command-not-found
Requested-By: testrig (1000)
Remove: command-not-found:amd64 (18.04.5)
End-Date: 2020-03-21  21:16:46

Start-Date: 2020-03-21  21:16:52
Commandline: apt autoremove
Requested-By: testrig (1000)
Remove: command-not-found-data:amd64 (18.04.5), python3-commandnotfound:amd64 (18.04.5), python3-gdbm:amd64 (3.6.9-1~18.04)
End-Date: 2020-03-21  21:16:52

Start-Date: 2020-03-21  21:17:38
Commandline: apt remove dosfstools
Requested-By: testrig (1000)
Remove: dosfstools:amd64 (4.1-1)
End-Date: 2020-03-21  21:17:38

Start-Date: 2020-03-21  21:18:53
Commandline: apt remove hdparm
Requested-By: testrig (1000)
Remove: hdparm:amd64 (9.54+ds-1)
End-Date: 2020-03-21  21:18:53

Start-Date: 2020-03-21  21:19:18
Commandline: apt remove info
Requested-By: testrig (1000)
Remove: info:amd64 (6.5.0.dfsg.1-2)
End-Date: 2020-03-21  21:19:18

Start-Date: 2020-03-21  21:19:31
Commandline: apt remove iptables
Requested-By: testrig (1000)
Remove: iptables:amd64 (1.6.1-2ubuntu2), ufw:amd64 (0.36-0ubuntu0.18.04.1)
End-Date: 2020-03-21  21:19:31

Start-Date: 2020-03-21  21:19:53
Commandline: apt remove iputils-tracepath
Requested-By: testrig (1000)
Remove: iputils-tracepath:amd64 (3:20161105-1ubuntu3)
End-Date: 2020-03-21  21:19:53

Start-Date: 2020-03-21  21:20:24
Commandline: apt remove krb5-locales
Requested-By: testrig (1000)
Remove: krb5-locales:amd64 (1.16-2ubuntu0.1)
End-Date: 2020-03-21  21:20:24

Start-Date: 2020-03-21  21:22:00
Commandline: apt remove openssh-client
Requested-By: testrig (1000)
Remove: openssh-client:amd64 (1:7.6p1-4ubuntu0.3)
End-Date: 2020-03-21  21:22:00

Start-Date: 2020-03-21  21:22:23
Commandline: apt autoremove
Requested-By: testrig (1000)
Remove: libip6tc0:amd64 (1.6.1-2ubuntu2), libiptc0:amd64 (1.6.1-2ubuntu2), libedit2:amd64 (3.1-20170329-1), libssl1.0.0:amd64 (1.0.2n-1ubuntu5.3)
End-Date: 2020-03-21  21:22:23

Start-Date: 2020-03-21  21:23:38
Commandline: apt remove locales
Requested-By: testrig (1000)
Remove: locales:amd64 (2.27-3ubuntu1)
End-Date: 2020-03-21  21:23:38

Start-Date: 2020-03-21  21:24:43
Commandline: apt remove openssl
Requested-By: testrig (1000)
Remove: openssl:amd64 (1.1.1-1ubuntu2.1~18.04.5), ca-certificates:amd64 (20180409)
End-Date: 2020-03-21  21:24:43

Start-Date: 2020-03-21  21:25:01
Commandline: apt install ca-certificates
Requested-By: testrig (1000)
Install: openssl:amd64 (1.1.1-1ubuntu2.1~18.04.5, automatic), ca-certificates:amd64 (20180409)
End-Date: 2020-03-21  21:25:03

Start-Date: 2020-03-27  20:29:57
Commandline: apt install openssh-client
Install: libxdmcp6:amd64 (1:1.1.2-3, automatic), libx11-6:amd64 (2:1.6.4-3ubuntu0.2, automatic), libxau6:amd64 (1:1.0.8-1, automatic), libxcb1:amd64 (1.13-2~ubuntu18.04, automatic), libxmuu1:amd64 (2:1.1.2-2, automatic), libx11-data:amd64 (2:1.6.4-3ubuntu0.2, automatic), openssh-client:amd64 (1:7.6p1-4ubuntu0.3), libedit2:amd64 (3.1-20170329-1, automatic), xauth:amd64 (1:1.0.10-1, automatic), libssl1.0.0:amd64 (1.0.2n-1ubuntu5.3, automatic), libxext6:amd64 (2:1.3.3-1, automatic)
End-Date: 2020-03-27  20:30:04

Start-Date: 2020-03-27  20:30:26
Commandline: apt remove xauth
Remove: xauth:amd64 (1:1.0.10-1)
End-Date: 2020-03-27  20:30:26

Start-Date: 2020-03-27  20:30:44
Commandline: apt autoremove
Remove: libxdmcp6:amd64 (1:1.1.2-3), libx11-6:amd64 (2:1.6.4-3ubuntu0.2), libxau6:amd64 (1:1.0.8-1), libxcb1:amd64 (1.13-2~ubuntu18.04), libxmuu1:amd64 (2:1.1.2-2), libx11-data:amd64 (2:1.6.4-3ubuntu0.2), libxext6:amd64 (2:1.3.3-1)
End-Date: 2020-03-27  20:30:45

Start-Date: 2020-03-28  02:32:52
Commandline: apt install deborphan
Install: deborphan:amd64 (1.7.28.8ubuntu2)
End-Date: 2020-03-28  02:32:53

Start-Date: 2020-04-01  19:50:53
Commandline: apt remove binutils
Requested-By: testrig (1000)
Remove: binutils:amd64 (2.30-21ubuntu1~18.04.2)
End-Date: 2020-04-01  19:50:53

Start-Date: 2020-04-01  19:51:09
Commandline: apt autoremove
Requested-By: testrig (1000)
Remove: binutils-x86-64-linux-gnu:amd64 (2.30-21ubuntu1~18.04.2), binutils-common:amd64 (2.30-21ubuntu1~18.04.2), libbinutils:amd64 (2.30-21ubuntu1~18.04.2)
End-Date: 2020-04-01  19:51:09

Start-Date: 2020-04-01  20:04:41
Commandline: apt remove modemmanager
Requested-By: testrig (1000)
Remove: modemmanager:amd64 (1.10.0-1~ubuntu18.04.2)
End-Date: 2020-04-01  20:04:41

Start-Date: 2020-04-01  20:04:52
Commandline: apt autoremove
Requested-By: testrig (1000)
Remove: libqmi-proxy:amd64 (1.22.0-1.2~ubuntu18.04.1), libqmi-glib5:amd64 (1.22.0-1.2~ubuntu18.04.1), libpipeline1:amd64 (1.5.0-1), libgudev-1.0-0:amd64 (1:232-2), libmbim-proxy:amd64 (1.18.0-1~ubuntu18.04.1), usb-modeswitch-data:amd64 (20170806-2), usb-modeswitch:amd64 (2.5.2+repack0-2ubuntu1), libmbim-glib4:amd64 (1.18.0-1~ubuntu18.04.1)
End-Date: 2020-04-01  20:04:52

Start-Date: 2020-04-01  20:12:50
Commandline: apt remove python2.7
Requested-By: testrig (1000)
Remove: python-tdb:amd64 (1.3.15-2), python-samba:amd64 (2:4.7.6+dfsg~ubuntu-0ubuntu2.15), python2.7:amd64 (2.7.17-1~18.04), python:amd64 (2.7.15~rc1-1), python-crypto:amd64 (2.6.1-8ubuntu2), samba-common-bin:amd64 (2:4.7.6+dfsg~ubuntu-0ubuntu2.15), python-ldb:amd64 (2:1.2.3-1ubuntu0.1)
End-Date: 2020-04-01  20:12:50

Start-Date: 2020-04-01  20:13:07
Commandline: apt autoremove
Requested-By: testrig (1000)
Remove: libldb1:amd64 (2:1.2.3-1ubuntu0.1), libcups2:amd64 (2.2.7-1ubuntu2.7), python2.7-minimal:amd64 (2.7.17-1~18.04), libavahi-common-data:amd64 (0.7-3.1ubuntu1.2), libavahi-common3:amd64 (0.7-3.1ubuntu1.2), libpython2.7:amd64 (2.7.17-1~18.04), python-talloc:amd64 (2.1.10-2ubuntu1), samba-libs:amd64 (2:4.7.6+dfsg~ubuntu-0ubuntu2.15), libpython-stdlib:amd64 (2.7.15~rc1-1), libtdb1:amd64 (1.3.15-2), libpython2.7-minimal:amd64 (2.7.17-1~18.04), libpython2.7-stdlib:amd64 (2.7.17-1~18.04), libavahi-client3:amd64 (0.7-3.1ubuntu1.2), libtevent0:amd64 (0.9.34-1), python-minimal:amd64 (2.7.15~rc1-1)
End-Date: 2020-04-01  20:13:07

Start-Date: 2020-04-01  20:21:12
Commandline: apt remove samba-common
Requested-By: testrig (1000)
Remove: casper:amd64 (1.394.3), lupin-casper:amd64 (0.57build1), cifs-utils:amd64 (2:6.8-1), samba-common:amd64 (2:4.7.6+dfsg~ubuntu-0ubuntu2.15)
End-Date: 2020-04-01  20:21:12

Start-Date: 2020-04-01  20:21:25
Commandline: apt autoremove
Requested-By: testrig (1000)
Remove: finalrd:amd64 (3~ubuntu18.04.0), libwbclient0:amd64 (2:4.7.6+dfsg~ubuntu-0ubuntu2.15), sudo:amd64 (1.8.21p2-3ubuntu1.2), linux-base:amd64 (4.5ubuntu1), libklibc:amd64 (2.0.4-9ubuntu2), initramfs-tools-bin:amd64 (0.130ubuntu3.9), kmod:amd64 (24-1ubuntu3.2), libtalloc2:amd64 (2.1.10-2ubuntu1), libplymouth4:amd64 (0.9.3-1ubuntu7.18.04.2), localechooser-data:amd64 (2.71ubuntu3), user-setup:amd64 (1.63ubuntu5), ucf:amd64 (3.0038), eject:amd64 (2.1.5+deb1+cvs20081104-13.2), klibc-utils:amd64 (2.0.4-9ubuntu2), initramfs-tools-core:amd64 (0.130ubuntu3.9), initramfs-tools:amd64 (0.130ubuntu3.9), busybox-initramfs:amd64 (1:1.27.2-2ubuntu3.2)
Error: Sub-process /usr/bin/dpkg returned an error code (1)
End-Date: 2020-04-01  20:21:25

Start-Date: 2020-04-01  20:22:43
Commandline: apt remove ntfs-3g
Requested-By: testrig (1000)
Remove: ntfs-3g:amd64 (1:2017.3.23-2ubuntu0.18.04.2)
End-Date: 2020-04-01  20:22:43

Start-Date: 2020-04-01  20:22:51
Commandline: apt autoremove
Requested-By: testrig (1000)
Remove: libntfs-3g88:amd64 (1:2017.3.23-2ubuntu0.18.04.2)
End-Date: 2020-04-01  20:22:51

Start-Date: 2020-04-01  20:32:19
Commandline: apt install kmod
Requested-By: testrig (1000)
Install: kmod:amd64 (24-1ubuntu3.2)
End-Date: 2020-04-01  20:32:19

Start-Date: 2020-04-01  20:42:25
Commandline: apt remove libc6-dev
Requested-By: testrig (1000)
Remove: libgcrypt20-dev:amd64 (1.8.1-4ubuntu1.2), libc6-dev:amd64 (2.27-3ubuntu1), zlib1g-dev:amd64 (1:1.2.11.dfsg-0ubuntu2), libssh2-1-dev:amd64 (1.8.0-1)
End-Date: 2020-04-01  20:42:25

Start-Date: 2020-04-01  20:42:32
Commandline: apt autoremove
Requested-By: testrig (1000)
Remove: linux-libc-dev:amd64 (4.15.0-91.92), libgpg-error-dev:amd64 (1.27-6), libc-dev-bin:amd64 (2.27-3ubuntu1)
End-Date: 2020-04-01  20:42:32
